2025-08-20 13:51:45,023 INFO: Iniciando carga ETL Censo Escolar
2025-08-20 13:52:41,271 INFO: Iniciando carga ETL Censo Escolar
2025-08-20 13:52:41,461 INFO: Encoding detectado para CSV: ISO-8859-1
2025-08-20 13:52:41,469 WARNING: Coluna prevista no dicionário ausente no CSV: nan
2025-08-20 13:52:41,469 WARNING: Coluna prevista no dicionário ausente no CSV: IN_CONVENIADA_PP
2025-08-20 13:52:41,469 WARNING: Coluna prevista no dicionário ausente no CSV: TP_CONVENIO_PODER_PUBLICO
2025-08-20 13:52:41,469 WARNING: Coluna prevista no dicionário ausente no CSV: IN_TIPO_ATEND_ESCOLARIZACAO
2025-08-20 13:52:41,469 WARNING: Coluna prevista no dicionário ausente no CSV: IN_TIPO_ATEND_AC
2025-08-20 13:52:41,469 WARNING: Coluna prevista no dicionário ausente no CSV: IN_TIPO_ATEND_AEE
2025-08-20 13:52:41,469 WARNING: Coluna prevista no dicionário ausente no CSV: IN_LOCAL_FUNC_SALAS_EMPRESA
2025-08-20 13:52:41,469 WARNING: Coluna prevista no dicionário ausente no CSV: IN_LOCAL_FUNC_TEMPLO_IGREJA
2025-08-20 13:52:41,469 WARNING: Coluna prevista no dicionário ausente no CSV: IN_LOCAL_FUNC_CASA_PROFESSOR
2025-08-20 13:52:41,469 WARNING: Coluna prevista no dicionário ausente no CSV: IN_AGUA_FILTRADA
2025-08-20 13:52:41,469 WARNING: Coluna prevista no dicionário ausente no CSV: IN_ENERGIA_GERADOR
2025-08-20 13:52:41,469 WARNING: Coluna prevista no dicionário ausente no CSV: IN_ENERGIA_OUTROS
2025-08-20 13:52:41,469 WARNING: Coluna prevista no dicionário ausente no CSV: IN_LIXO_JOGA_OUTRA_AREA
2025-08-20 13:52:41,469 WARNING: Coluna prevista no dicionário ausente no CSV: IN_LIXO_OUTROS
2025-08-20 13:52:41,469 WARNING: Coluna prevista no dicionário ausente no CSV: IN_LIXO_RECICLA
2025-08-20 13:52:41,469 WARNING: Coluna prevista no dicionário ausente no CSV: IN_BANHEIRO_FORA_PREDIO
2025-08-20 13:52:41,469 WARNING: Coluna prevista no dicionário ausente no CSV: IN_BANHEIRO_DENTRO_PREDIO
2025-08-20 13:52:41,469 WARNING: Coluna prevista no dicionário ausente no CSV: IN_BERCARIO
2025-08-20 13:52:41,469 WARNING: Coluna prevista no dicionário ausente no CSV: IN_DEPENDENCIAS_PNE
2025-08-20 13:52:41,469 WARNING: Coluna prevista no dicionário ausente no CSV: IN_LAVANDERIA
2025-08-20 13:52:41,469 WARNING: Coluna prevista no dicionário ausente no CSV: QT_SALAS_EXISTENTES
2025-08-20 13:52:41,469 WARNING: Coluna prevista no dicionário ausente no CSV: IN_EQUIP_VIDEOCASSETE
2025-08-20 13:52:41,469 WARNING: Coluna prevista no dicionário ausente no CSV: IN_EQUIP_RETROPROJETOR
2025-08-20 13:52:41,469 WARNING: Coluna prevista no dicionário ausente no CSV: IN_EQUIP_FAX
2025-08-20 13:52:41,469 WARNING: Coluna prevista no dicionário ausente no CSV: IN_EQUIP_FOTO
2025-08-20 13:52:41,469 WARNING: Coluna prevista no dicionário ausente no CSV: QT_EQUIP_VIDEOCASSETE
2025-08-20 13:52:41,469 WARNING: Coluna prevista no dicionário ausente no CSV: QT_EQUIP_PARABOLICA
2025-08-20 13:52:41,469 WARNING: Coluna prevista no dicionário ausente no CSV: QT_EQUIP_COPIADORA
2025-08-20 13:52:41,469 WARNING: Coluna prevista no dicionário ausente no CSV: QT_EQUIP_RETROPROJETOR
2025-08-20 13:52:41,469 WARNING: Coluna prevista no dicionário ausente no CSV: QT_EQUIP_IMPRESSORA
2025-08-20 13:52:41,469 WARNING: Coluna prevista no dicionário ausente no CSV: QT_EQUIP_IMPRESSORA_MULT
2025-08-20 13:52:41,469 WARNING: Coluna prevista no dicionário ausente no CSV: QT_EQUIP_FAX
2025-08-20 13:52:41,469 WARNING: Coluna prevista no dicionário ausente no CSV: QT_EQUIP_FOTO
2025-08-20 13:52:41,469 WARNING: Coluna prevista no dicionário ausente no CSV: QT_COMP_ALUNO
2025-08-20 13:52:41,469 WARNING: Coluna prevista no dicionário ausente no CSV: QT_COMPUTADOR
2025-08-20 13:52:41,469 WARNING: Coluna prevista no dicionário ausente no CSV: QT_COMP_ADMINISTRATIVO
2025-08-20 13:52:41,469 WARNING: Coluna prevista no dicionário ausente no CSV: QT_FUNCIONARIOS
2025-08-20 13:52:41,469 WARNING: Coluna prevista no dicionário ausente no CSV: IN_SERIE_ANO
2025-08-20 13:52:41,469 WARNING: Coluna prevista no dicionário ausente no CSV: IN_PERIODOS_SEMESTRAIS
2025-08-20 13:52:41,469 WARNING: Coluna prevista no dicionário ausente no CSV: IN_FUNDAMENTAL_CICLOS
2025-08-20 13:52:41,469 WARNING: Coluna prevista no dicionário ausente no CSV: IN_GRUPOS_NAO_SERIADOS
2025-08-20 13:52:41,469 WARNING: Coluna prevista no dicionário ausente no CSV: IN_MODULOS
2025-08-20 13:52:41,470 WARNING: Coluna prevista no dicionário ausente no CSV: IN_FORMACAO_ALTERNANCIA
2025-08-20 13:52:41,470 WARNING: Coluna prevista no dicionário ausente no CSV: IN_MATERIAL_ESP_QUILOMBOLA
2025-08-20 13:52:41,470 WARNING: Coluna prevista no dicionário ausente no CSV: IN_MATERIAL_ESP_INDIGENA
2025-08-20 13:52:41,470 WARNING: Coluna prevista no dicionário ausente no CSV: IN_MATERIAL_ESP_NAO_UTILIZA
2025-08-20 13:52:41,470 WARNING: Coluna prevista no dicionário ausente no CSV: IN_BRASIL_ALFABETIZADO
2025-08-20 13:52:41,470 WARNING: Coluna prevista no dicionário ausente no CSV: IN_FINAL_SEMANA
2025-08-20 13:52:41,470 WARNING: Coluna prevista no dicionário ausente no CSV: IN_BAS
2025-08-20 13:52:41,470 WARNING: Coluna prevista no dicionário ausente no CSV: QT_MAT_EJA_FUND_PJ
2025-08-20 13:52:41,470 WARNING: Coluna prevista no dicionário ausente no CSV: QT_MAT_EJA_FUND_AIAF
2025-08-20 13:52:41,534 ERROR: Erro na carga direta do CSV: Parser Error: syntax error at or near "}"
2025-08-20 13:52:41,576 INFO: Detectado encoding: ISO-8859-1
2025-08-20 13:53:32,944 INFO: Iniciando carga ETL Censo Escolar
2025-08-20 13:53:33,125 INFO: Encoding detectado para CSV: ISO-8859-1
2025-08-20 13:53:33,133 WARNING: Coluna prevista no dicionário ausente no CSV: nan
2025-08-20 13:53:33,133 WARNING: Coluna prevista no dicionário ausente no CSV: IN_CONVENIADA_PP
2025-08-20 13:53:33,133 WARNING: Coluna prevista no dicionário ausente no CSV: TP_CONVENIO_PODER_PUBLICO
2025-08-20 13:53:33,133 WARNING: Coluna prevista no dicionário ausente no CSV: IN_TIPO_ATEND_ESCOLARIZACAO
2025-08-20 13:53:33,133 WARNING: Coluna prevista no dicionário ausente no CSV: IN_TIPO_ATEND_AC
2025-08-20 13:53:33,133 WARNING: Coluna prevista no dicionário ausente no CSV: IN_TIPO_ATEND_AEE
2025-08-20 13:53:33,133 WARNING: Coluna prevista no dicionário ausente no CSV: IN_LOCAL_FUNC_SALAS_EMPRESA
2025-08-20 13:53:33,133 WARNING: Coluna prevista no dicionário ausente no CSV: IN_LOCAL_FUNC_TEMPLO_IGREJA
2025-08-20 13:53:33,133 WARNING: Coluna prevista no dicionário ausente no CSV: IN_LOCAL_FUNC_CASA_PROFESSOR
2025-08-20 13:53:33,133 WARNING: Coluna prevista no dicionário ausente no CSV: IN_AGUA_FILTRADA
2025-08-20 13:53:33,133 WARNING: Coluna prevista no dicionário ausente no CSV: IN_ENERGIA_GERADOR
2025-08-20 13:53:33,133 WARNING: Coluna prevista no dicionário ausente no CSV: IN_ENERGIA_OUTROS
2025-08-20 13:53:33,133 WARNING: Coluna prevista no dicionário ausente no CSV: IN_LIXO_JOGA_OUTRA_AREA
2025-08-20 13:53:33,133 WARNING: Coluna prevista no dicionário ausente no CSV: IN_LIXO_OUTROS
2025-08-20 13:53:33,133 WARNING: Coluna prevista no dicionário ausente no CSV: IN_LIXO_RECICLA
2025-08-20 13:53:33,133 WARNING: Coluna prevista no dicionário ausente no CSV: IN_BANHEIRO_FORA_PREDIO
2025-08-20 13:53:33,133 WARNING: Coluna prevista no dicionário ausente no CSV: IN_BANHEIRO_DENTRO_PREDIO
2025-08-20 13:53:33,133 WARNING: Coluna prevista no dicionário ausente no CSV: IN_BERCARIO
2025-08-20 13:53:33,133 WARNING: Coluna prevista no dicionário ausente no CSV: IN_DEPENDENCIAS_PNE
2025-08-20 13:53:33,133 WARNING: Coluna prevista no dicionário ausente no CSV: IN_LAVANDERIA
2025-08-20 13:53:33,133 WARNING: Coluna prevista no dicionário ausente no CSV: QT_SALAS_EXISTENTES
2025-08-20 13:53:33,133 WARNING: Coluna prevista no dicionário ausente no CSV: IN_EQUIP_VIDEOCASSETE
2025-08-20 13:53:33,133 WARNING: Coluna prevista no dicionário ausente no CSV: IN_EQUIP_RETROPROJETOR
2025-08-20 13:53:33,133 WARNING: Coluna prevista no dicionário ausente no CSV: IN_EQUIP_FAX
2025-08-20 13:53:33,133 WARNING: Coluna prevista no dicionário ausente no CSV: IN_EQUIP_FOTO
2025-08-20 13:53:33,133 WARNING: Coluna prevista no dicionário ausente no CSV: QT_EQUIP_VIDEOCASSETE
2025-08-20 13:53:33,133 WARNING: Coluna prevista no dicionário ausente no CSV: QT_EQUIP_PARABOLICA
2025-08-20 13:53:33,133 WARNING: Coluna prevista no dicionário ausente no CSV: QT_EQUIP_COPIADORA
2025-08-20 13:53:33,133 WARNING: Coluna prevista no dicionário ausente no CSV: QT_EQUIP_RETROPROJETOR
2025-08-20 13:53:33,133 WARNING: Coluna prevista no dicionário ausente no CSV: QT_EQUIP_IMPRESSORA
2025-08-20 13:53:33,133 WARNING: Coluna prevista no dicionário ausente no CSV: QT_EQUIP_IMPRESSORA_MULT
2025-08-20 13:53:33,133 WARNING: Coluna prevista no dicionário ausente no CSV: QT_EQUIP_FAX
2025-08-20 13:53:33,133 WARNING: Coluna prevista no dicionário ausente no CSV: QT_EQUIP_FOTO
2025-08-20 13:53:33,133 WARNING: Coluna prevista no dicionário ausente no CSV: QT_COMP_ALUNO
2025-08-20 13:53:33,133 WARNING: Coluna prevista no dicionário ausente no CSV: QT_COMPUTADOR
2025-08-20 13:53:33,133 WARNING: Coluna prevista no dicionário ausente no CSV: QT_COMP_ADMINISTRATIVO
2025-08-20 13:53:33,133 WARNING: Coluna prevista no dicionário ausente no CSV: QT_FUNCIONARIOS
2025-08-20 13:53:33,133 WARNING: Coluna prevista no dicionário ausente no CSV: IN_SERIE_ANO
2025-08-20 13:53:33,133 WARNING: Coluna prevista no dicionário ausente no CSV: IN_PERIODOS_SEMESTRAIS
2025-08-20 13:53:33,133 WARNING: Coluna prevista no dicionário ausente no CSV: IN_FUNDAMENTAL_CICLOS
2025-08-20 13:53:33,133 WARNING: Coluna prevista no dicionário ausente no CSV: IN_GRUPOS_NAO_SERIADOS
2025-08-20 13:53:33,133 WARNING: Coluna prevista no dicionário ausente no CSV: IN_MODULOS
2025-08-20 13:53:33,133 WARNING: Coluna prevista no dicionário ausente no CSV: IN_FORMACAO_ALTERNANCIA
2025-08-20 13:53:33,133 WARNING: Coluna prevista no dicionário ausente no CSV: IN_MATERIAL_ESP_QUILOMBOLA
2025-08-20 13:53:33,133 WARNING: Coluna prevista no dicionário ausente no CSV: IN_MATERIAL_ESP_INDIGENA
2025-08-20 13:53:33,133 WARNING: Coluna prevista no dicionário ausente no CSV: IN_MATERIAL_ESP_NAO_UTILIZA
2025-08-20 13:53:33,133 WARNING: Coluna prevista no dicionário ausente no CSV: IN_BRASIL_ALFABETIZADO
2025-08-20 13:53:33,133 WARNING: Coluna prevista no dicionário ausente no CSV: IN_FINAL_SEMANA
2025-08-20 13:53:33,133 WARNING: Coluna prevista no dicionário ausente no CSV: IN_BAS
2025-08-20 13:53:33,133 WARNING: Coluna prevista no dicionário ausente no CSV: QT_MAT_EJA_FUND_PJ
2025-08-20 13:53:33,133 WARNING: Coluna prevista no dicionário ausente no CSV: QT_MAT_EJA_FUND_AIAF
2025-08-20 13:53:33,185 ERROR: Erro na carga direta do CSV: Invalid Input Error: The quote option cannot exceed a size of 1 byte.
2025-08-20 13:53:33,227 INFO: Detectado encoding: ISO-8859-1
2025-08-20 13:54:08,771 INFO: Iniciando carga ETL Censo Escolar
2025-08-20 13:54:08,938 INFO: Encoding detectado para CSV: ISO-8859-1
2025-08-20 13:54:08,946 WARNING: Coluna prevista no dicionário ausente no CSV: nan
2025-08-20 13:54:08,946 WARNING: Coluna prevista no dicionário ausente no CSV: IN_CONVENIADA_PP
2025-08-20 13:54:08,946 WARNING: Coluna prevista no dicionário ausente no CSV: TP_CONVENIO_PODER_PUBLICO
2025-08-20 13:54:08,946 WARNING: Coluna prevista no dicionário ausente no CSV: IN_TIPO_ATEND_ESCOLARIZACAO
2025-08-20 13:54:08,946 WARNING: Coluna prevista no dicionário ausente no CSV: IN_TIPO_ATEND_AC
2025-08-20 13:54:08,946 WARNING: Coluna prevista no dicionário ausente no CSV: IN_TIPO_ATEND_AEE
2025-08-20 13:54:08,946 WARNING: Coluna prevista no dicionário ausente no CSV: IN_LOCAL_FUNC_SALAS_EMPRESA
2025-08-20 13:54:08,946 WARNING: Coluna prevista no dicionário ausente no CSV: IN_LOCAL_FUNC_TEMPLO_IGREJA
2025-08-20 13:54:08,946 WARNING: Coluna prevista no dicionário ausente no CSV: IN_LOCAL_FUNC_CASA_PROFESSOR
2025-08-20 13:54:08,946 WARNING: Coluna prevista no dicionário ausente no CSV: IN_AGUA_FILTRADA
2025-08-20 13:54:08,946 WARNING: Coluna prevista no dicionário ausente no CSV: IN_ENERGIA_GERADOR
2025-08-20 13:54:08,946 WARNING: Coluna prevista no dicionário ausente no CSV: IN_ENERGIA_OUTROS
2025-08-20 13:54:08,946 WARNING: Coluna prevista no dicionário ausente no CSV: IN_LIXO_JOGA_OUTRA_AREA
2025-08-20 13:54:08,946 WARNING: Coluna prevista no dicionário ausente no CSV: IN_LIXO_OUTROS
2025-08-20 13:54:08,946 WARNING: Coluna prevista no dicionário ausente no CSV: IN_LIXO_RECICLA
2025-08-20 13:54:08,946 WARNING: Coluna prevista no dicionário ausente no CSV: IN_BANHEIRO_FORA_PREDIO
2025-08-20 13:54:08,946 WARNING: Coluna prevista no dicionário ausente no CSV: IN_BANHEIRO_DENTRO_PREDIO
2025-08-20 13:54:08,946 WARNING: Coluna prevista no dicionário ausente no CSV: IN_BERCARIO
2025-08-20 13:54:08,946 WARNING: Coluna prevista no dicionário ausente no CSV: IN_DEPENDENCIAS_PNE
2025-08-20 13:54:08,946 WARNING: Coluna prevista no dicionário ausente no CSV: IN_LAVANDERIA
2025-08-20 13:54:08,946 WARNING: Coluna prevista no dicionário ausente no CSV: QT_SALAS_EXISTENTES
2025-08-20 13:54:08,946 WARNING: Coluna prevista no dicionário ausente no CSV: IN_EQUIP_VIDEOCASSETE
2025-08-20 13:54:08,946 WARNING: Coluna prevista no dicionário ausente no CSV: IN_EQUIP_RETROPROJETOR
2025-08-20 13:54:08,946 WARNING: Coluna prevista no dicionário ausente no CSV: IN_EQUIP_FAX
2025-08-20 13:54:08,946 WARNING: Coluna prevista no dicionário ausente no CSV: IN_EQUIP_FOTO
2025-08-20 13:54:08,946 WARNING: Coluna prevista no dicionário ausente no CSV: QT_EQUIP_VIDEOCASSETE
2025-08-20 13:54:08,946 WARNING: Coluna prevista no dicionário ausente no CSV: QT_EQUIP_PARABOLICA
2025-08-20 13:54:08,946 WARNING: Coluna prevista no dicionário ausente no CSV: QT_EQUIP_COPIADORA
2025-08-20 13:54:08,946 WARNING: Coluna prevista no dicionário ausente no CSV: QT_EQUIP_RETROPROJETOR
2025-08-20 13:54:08,946 WARNING: Coluna prevista no dicionário ausente no CSV: QT_EQUIP_IMPRESSORA
2025-08-20 13:54:08,946 WARNING: Coluna prevista no dicionário ausente no CSV: QT_EQUIP_IMPRESSORA_MULT
2025-08-20 13:54:08,946 WARNING: Coluna prevista no dicionário ausente no CSV: QT_EQUIP_FAX
2025-08-20 13:54:08,946 WARNING: Coluna prevista no dicionário ausente no CSV: QT_EQUIP_FOTO
2025-08-20 13:54:08,946 WARNING: Coluna prevista no dicionário ausente no CSV: QT_COMP_ALUNO
2025-08-20 13:54:08,946 WARNING: Coluna prevista no dicionário ausente no CSV: QT_COMPUTADOR
2025-08-20 13:54:08,946 WARNING: Coluna prevista no dicionário ausente no CSV: QT_COMP_ADMINISTRATIVO
2025-08-20 13:54:08,946 WARNING: Coluna prevista no dicionário ausente no CSV: QT_FUNCIONARIOS
2025-08-20 13:54:08,946 WARNING: Coluna prevista no dicionário ausente no CSV: IN_SERIE_ANO
2025-08-20 13:54:08,946 WARNING: Coluna prevista no dicionário ausente no CSV: IN_PERIODOS_SEMESTRAIS
2025-08-20 13:54:08,946 WARNING: Coluna prevista no dicionário ausente no CSV: IN_FUNDAMENTAL_CICLOS
2025-08-20 13:54:08,946 WARNING: Coluna prevista no dicionário ausente no CSV: IN_GRUPOS_NAO_SERIADOS
2025-08-20 13:54:08,946 WARNING: Coluna prevista no dicionário ausente no CSV: IN_MODULOS
2025-08-20 13:54:08,946 WARNING: Coluna prevista no dicionário ausente no CSV: IN_FORMACAO_ALTERNANCIA
2025-08-20 13:54:08,946 WARNING: Coluna prevista no dicionário ausente no CSV: IN_MATERIAL_ESP_QUILOMBOLA
2025-08-20 13:54:08,946 WARNING: Coluna prevista no dicionário ausente no CSV: IN_MATERIAL_ESP_INDIGENA
2025-08-20 13:54:08,946 WARNING: Coluna prevista no dicionário ausente no CSV: IN_MATERIAL_ESP_NAO_UTILIZA
2025-08-20 13:54:08,946 WARNING: Coluna prevista no dicionário ausente no CSV: IN_BRASIL_ALFABETIZADO
2025-08-20 13:54:08,946 WARNING: Coluna prevista no dicionário ausente no CSV: IN_FINAL_SEMANA
2025-08-20 13:54:08,946 WARNING: Coluna prevista no dicionário ausente no CSV: IN_BAS
2025-08-20 13:54:08,946 WARNING: Coluna prevista no dicionário ausente no CSV: QT_MAT_EJA_FUND_PJ
2025-08-20 13:54:08,946 WARNING: Coluna prevista no dicionário ausente no CSV: QT_MAT_EJA_FUND_AIAF
2025-08-20 13:54:08,959 ERROR: Erro na carga direta do CSV: Invalid Input Error: The quote option cannot exceed a size of 1 byte.
2025-08-20 13:54:09,001 INFO: Detectado encoding: ISO-8859-1
2025-08-20 13:54:17,772 INFO: Iniciando carga ETL Censo Escolar
2025-08-20 13:54:17,940 INFO: Encoding detectado para CSV: ISO-8859-1
2025-08-20 13:54:17,948 WARNING: Coluna prevista no dicionário ausente no CSV: nan
2025-08-20 13:54:17,948 WARNING: Coluna prevista no dicionário ausente no CSV: IN_CONVENIADA_PP
2025-08-20 13:54:17,948 WARNING: Coluna prevista no dicionário ausente no CSV: TP_CONVENIO_PODER_PUBLICO
2025-08-20 13:54:17,948 WARNING: Coluna prevista no dicionário ausente no CSV: IN_TIPO_ATEND_ESCOLARIZACAO
2025-08-20 13:54:17,948 WARNING: Coluna prevista no dicionário ausente no CSV: IN_TIPO_ATEND_AC
2025-08-20 13:54:17,948 WARNING: Coluna prevista no dicionário ausente no CSV: IN_TIPO_ATEND_AEE
2025-08-20 13:54:17,948 WARNING: Coluna prevista no dicionário ausente no CSV: IN_LOCAL_FUNC_SALAS_EMPRESA
2025-08-20 13:54:17,948 WARNING: Coluna prevista no dicionário ausente no CSV: IN_LOCAL_FUNC_TEMPLO_IGREJA
2025-08-20 13:54:17,948 WARNING: Coluna prevista no dicionário ausente no CSV: IN_LOCAL_FUNC_CASA_PROFESSOR
2025-08-20 13:54:17,948 WARNING: Coluna prevista no dicionário ausente no CSV: IN_AGUA_FILTRADA
2025-08-20 13:54:17,948 WARNING: Coluna prevista no dicionário ausente no CSV: IN_ENERGIA_GERADOR
2025-08-20 13:54:17,948 WARNING: Coluna prevista no dicionário ausente no CSV: IN_ENERGIA_OUTROS
2025-08-20 13:54:17,948 WARNING: Coluna prevista no dicionário ausente no CSV: IN_LIXO_JOGA_OUTRA_AREA
2025-08-20 13:54:17,948 WARNING: Coluna prevista no dicionário ausente no CSV: IN_LIXO_OUTROS
2025-08-20 13:54:17,948 WARNING: Coluna prevista no dicionário ausente no CSV: IN_LIXO_RECICLA
2025-08-20 13:54:17,948 WARNING: Coluna prevista no dicionário ausente no CSV: IN_BANHEIRO_FORA_PREDIO
2025-08-20 13:54:17,948 WARNING: Coluna prevista no dicionário ausente no CSV: IN_BANHEIRO_DENTRO_PREDIO
2025-08-20 13:54:17,948 WARNING: Coluna prevista no dicionário ausente no CSV: IN_BERCARIO
2025-08-20 13:54:17,948 WARNING: Coluna prevista no dicionário ausente no CSV: IN_DEPENDENCIAS_PNE
2025-08-20 13:54:17,948 WARNING: Coluna prevista no dicionário ausente no CSV: IN_LAVANDERIA
2025-08-20 13:54:17,948 WARNING: Coluna prevista no dicionário ausente no CSV: QT_SALAS_EXISTENTES
2025-08-20 13:54:17,948 WARNING: Coluna prevista no dicionário ausente no CSV: IN_EQUIP_VIDEOCASSETE
2025-08-20 13:54:17,948 WARNING: Coluna prevista no dicionário ausente no CSV: IN_EQUIP_RETROPROJETOR
2025-08-20 13:54:17,948 WARNING: Coluna prevista no dicionário ausente no CSV: IN_EQUIP_FAX
2025-08-20 13:54:17,948 WARNING: Coluna prevista no dicionário ausente no CSV: IN_EQUIP_FOTO
2025-08-20 13:54:17,948 WARNING: Coluna prevista no dicionário ausente no CSV: QT_EQUIP_VIDEOCASSETE
2025-08-20 13:54:17,948 WARNING: Coluna prevista no dicionário ausente no CSV: QT_EQUIP_PARABOLICA
2025-08-20 13:54:17,948 WARNING: Coluna prevista no dicionário ausente no CSV: QT_EQUIP_COPIADORA
2025-08-20 13:54:17,948 WARNING: Coluna prevista no dicionário ausente no CSV: QT_EQUIP_RETROPROJETOR
2025-08-20 13:54:17,948 WARNING: Coluna prevista no dicionário ausente no CSV: QT_EQUIP_IMPRESSORA
2025-08-20 13:54:17,948 WARNING: Coluna prevista no dicionário ausente no CSV: QT_EQUIP_IMPRESSORA_MULT
2025-08-20 13:54:17,948 WARNING: Coluna prevista no dicionário ausente no CSV: QT_EQUIP_FAX
2025-08-20 13:54:17,948 WARNING: Coluna prevista no dicionário ausente no CSV: QT_EQUIP_FOTO
2025-08-20 13:54:17,948 WARNING: Coluna prevista no dicionário ausente no CSV: QT_COMP_ALUNO
2025-08-20 13:54:17,948 WARNING: Coluna prevista no dicionário ausente no CSV: QT_COMPUTADOR
2025-08-20 13:54:17,948 WARNING: Coluna prevista no dicionário ausente no CSV: QT_COMP_ADMINISTRATIVO
2025-08-20 13:54:17,948 WARNING: Coluna prevista no dicionário ausente no CSV: QT_FUNCIONARIOS
2025-08-20 13:54:17,948 WARNING: Coluna prevista no dicionário ausente no CSV: IN_SERIE_ANO
2025-08-20 13:54:17,948 WARNING: Coluna prevista no dicionário ausente no CSV: IN_PERIODOS_SEMESTRAIS
2025-08-20 13:54:17,948 WARNING: Coluna prevista no dicionário ausente no CSV: IN_FUNDAMENTAL_CICLOS
2025-08-20 13:54:17,948 WARNING: Coluna prevista no dicionário ausente no CSV: IN_GRUPOS_NAO_SERIADOS
2025-08-20 13:54:17,948 WARNING: Coluna prevista no dicionário ausente no CSV: IN_MODULOS
2025-08-20 13:54:17,948 WARNING: Coluna prevista no dicionário ausente no CSV: IN_FORMACAO_ALTERNANCIA
2025-08-20 13:54:17,948 WARNING: Coluna prevista no dicionário ausente no CSV: IN_MATERIAL_ESP_QUILOMBOLA
2025-08-20 13:54:17,948 WARNING: Coluna prevista no dicionário ausente no CSV: IN_MATERIAL_ESP_INDIGENA
2025-08-20 13:54:17,948 WARNING: Coluna prevista no dicionário ausente no CSV: IN_MATERIAL_ESP_NAO_UTILIZA
2025-08-20 13:54:17,948 WARNING: Coluna prevista no dicionário ausente no CSV: IN_BRASIL_ALFABETIZADO
2025-08-20 13:54:17,948 WARNING: Coluna prevista no dicionário ausente no CSV: IN_FINAL_SEMANA
2025-08-20 13:54:17,948 WARNING: Coluna prevista no dicionário ausente no CSV: IN_BAS
2025-08-20 13:54:17,948 WARNING: Coluna prevista no dicionário ausente no CSV: QT_MAT_EJA_FUND_PJ
2025-08-20 13:54:17,948 WARNING: Coluna prevista no dicionário ausente no CSV: QT_MAT_EJA_FUND_AIAF
2025-08-20 13:54:17,961 ERROR: Erro na carga direta do CSV: Invalid Input Error: The quote option cannot exceed a size of 1 byte.
2025-08-20 13:54:18,003 INFO: Detectado encoding: ISO-8859-1
2025-08-20 13:54:45,981 INFO: Iniciando carga ETL Censo Escolar
2025-08-20 13:54:46,151 INFO: Encoding detectado para CSV: ISO-8859-1
2025-08-20 13:54:46,159 WARNING: Coluna prevista no dicionário ausente no CSV: nan
2025-08-20 13:54:46,159 WARNING: Coluna prevista no dicionário ausente no CSV: IN_CONVENIADA_PP
2025-08-20 13:54:46,159 WARNING: Coluna prevista no dicionário ausente no CSV: TP_CONVENIO_PODER_PUBLICO
2025-08-20 13:54:46,159 WARNING: Coluna prevista no dicionário ausente no CSV: IN_TIPO_ATEND_ESCOLARIZACAO
2025-08-20 13:54:46,159 WARNING: Coluna prevista no dicionário ausente no CSV: IN_TIPO_ATEND_AC
2025-08-20 13:54:46,159 WARNING: Coluna prevista no dicionário ausente no CSV: IN_TIPO_ATEND_AEE
2025-08-20 13:54:46,159 WARNING: Coluna prevista no dicionário ausente no CSV: IN_LOCAL_FUNC_SALAS_EMPRESA
2025-08-20 13:54:46,159 WARNING: Coluna prevista no dicionário ausente no CSV: IN_LOCAL_FUNC_TEMPLO_IGREJA
2025-08-20 13:54:46,159 WARNING: Coluna prevista no dicionário ausente no CSV: IN_LOCAL_FUNC_CASA_PROFESSOR
2025-08-20 13:54:46,159 WARNING: Coluna prevista no dicionário ausente no CSV: IN_AGUA_FILTRADA
2025-08-20 13:54:46,159 WARNING: Coluna prevista no dicionário ausente no CSV: IN_ENERGIA_GERADOR
2025-08-20 13:54:46,159 WARNING: Coluna prevista no dicionário ausente no CSV: IN_ENERGIA_OUTROS
2025-08-20 13:54:46,159 WARNING: Coluna prevista no dicionário ausente no CSV: IN_LIXO_JOGA_OUTRA_AREA
2025-08-20 13:54:46,159 WARNING: Coluna prevista no dicionário ausente no CSV: IN_LIXO_OUTROS
2025-08-20 13:54:46,159 WARNING: Coluna prevista no dicionário ausente no CSV: IN_LIXO_RECICLA
2025-08-20 13:54:46,159 WARNING: Coluna prevista no dicionário ausente no CSV: IN_BANHEIRO_FORA_PREDIO
2025-08-20 13:54:46,159 WARNING: Coluna prevista no dicionário ausente no CSV: IN_BANHEIRO_DENTRO_PREDIO
2025-08-20 13:54:46,159 WARNING: Coluna prevista no dicionário ausente no CSV: IN_BERCARIO
2025-08-20 13:54:46,159 WARNING: Coluna prevista no dicionário ausente no CSV: IN_DEPENDENCIAS_PNE
2025-08-20 13:54:46,159 WARNING: Coluna prevista no dicionário ausente no CSV: IN_LAVANDERIA
2025-08-20 13:54:46,159 WARNING: Coluna prevista no dicionário ausente no CSV: QT_SALAS_EXISTENTES
2025-08-20 13:54:46,159 WARNING: Coluna prevista no dicionário ausente no CSV: IN_EQUIP_VIDEOCASSETE
2025-08-20 13:54:46,159 WARNING: Coluna prevista no dicionário ausente no CSV: IN_EQUIP_RETROPROJETOR
2025-08-20 13:54:46,159 WARNING: Coluna prevista no dicionário ausente no CSV: IN_EQUIP_FAX
2025-08-20 13:54:46,159 WARNING: Coluna prevista no dicionário ausente no CSV: IN_EQUIP_FOTO
2025-08-20 13:54:46,159 WARNING: Coluna prevista no dicionário ausente no CSV: QT_EQUIP_VIDEOCASSETE
2025-08-20 13:54:46,159 WARNING: Coluna prevista no dicionário ausente no CSV: QT_EQUIP_PARABOLICA
2025-08-20 13:54:46,159 WARNING: Coluna prevista no dicionário ausente no CSV: QT_EQUIP_COPIADORA
2025-08-20 13:54:46,159 WARNING: Coluna prevista no dicionário ausente no CSV: QT_EQUIP_RETROPROJETOR
2025-08-20 13:54:46,159 WARNING: Coluna prevista no dicionário ausente no CSV: QT_EQUIP_IMPRESSORA
2025-08-20 13:54:46,159 WARNING: Coluna prevista no dicionário ausente no CSV: QT_EQUIP_IMPRESSORA_MULT
2025-08-20 13:54:46,159 WARNING: Coluna prevista no dicionário ausente no CSV: QT_EQUIP_FAX
2025-08-20 13:54:46,159 WARNING: Coluna prevista no dicionário ausente no CSV: QT_EQUIP_FOTO
2025-08-20 13:54:46,159 WARNING: Coluna prevista no dicionário ausente no CSV: QT_COMP_ALUNO
2025-08-20 13:54:46,159 WARNING: Coluna prevista no dicionário ausente no CSV: QT_COMPUTADOR
2025-08-20 13:54:46,159 WARNING: Coluna prevista no dicionário ausente no CSV: QT_COMP_ADMINISTRATIVO
2025-08-20 13:54:46,159 WARNING: Coluna prevista no dicionário ausente no CSV: QT_FUNCIONARIOS
2025-08-20 13:54:46,159 WARNING: Coluna prevista no dicionário ausente no CSV: IN_SERIE_ANO
2025-08-20 13:54:46,159 WARNING: Coluna prevista no dicionário ausente no CSV: IN_PERIODOS_SEMESTRAIS
2025-08-20 13:54:46,159 WARNING: Coluna prevista no dicionário ausente no CSV: IN_FUNDAMENTAL_CICLOS
2025-08-20 13:54:46,159 WARNING: Coluna prevista no dicionário ausente no CSV: IN_GRUPOS_NAO_SERIADOS
2025-08-20 13:54:46,159 WARNING: Coluna prevista no dicionário ausente no CSV: IN_MODULOS
2025-08-20 13:54:46,159 WARNING: Coluna prevista no dicionário ausente no CSV: IN_FORMACAO_ALTERNANCIA
2025-08-20 13:54:46,159 WARNING: Coluna prevista no dicionário ausente no CSV: IN_MATERIAL_ESP_QUILOMBOLA
2025-08-20 13:54:46,159 WARNING: Coluna prevista no dicionário ausente no CSV: IN_MATERIAL_ESP_INDIGENA
2025-08-20 13:54:46,159 WARNING: Coluna prevista no dicionário ausente no CSV: IN_MATERIAL_ESP_NAO_UTILIZA
2025-08-20 13:54:46,159 WARNING: Coluna prevista no dicionário ausente no CSV: IN_BRASIL_ALFABETIZADO
2025-08-20 13:54:46,159 WARNING: Coluna prevista no dicionário ausente no CSV: IN_FINAL_SEMANA
2025-08-20 13:54:46,159 WARNING: Coluna prevista no dicionário ausente no CSV: IN_BAS
2025-08-20 13:54:46,159 WARNING: Coluna prevista no dicionário ausente no CSV: QT_MAT_EJA_FUND_PJ
2025-08-20 13:54:46,159 WARNING: Coluna prevista no dicionário ausente no CSV: QT_MAT_EJA_FUND_AIAF
2025-08-20 13:54:46,171 ERROR: Erro na carga direta do CSV: Invalid Input Error: The quote option cannot exceed a size of 1 byte.
2025-08-20 13:54:46,213 INFO: Detectado encoding: ISO-8859-1
2025-08-20 13:55:19,051 INFO: Iniciando carga ETL Censo Escolar
2025-08-20 13:55:19,221 INFO: Encoding detectado para CSV: ISO-8859-1
2025-08-20 13:55:19,228 WARNING: Coluna prevista no dicionário ausente no CSV: nan
2025-08-20 13:55:19,228 WARNING: Coluna prevista no dicionário ausente no CSV: IN_CONVENIADA_PP
2025-08-20 13:55:19,228 WARNING: Coluna prevista no dicionário ausente no CSV: TP_CONVENIO_PODER_PUBLICO
2025-08-20 13:55:19,228 WARNING: Coluna prevista no dicionário ausente no CSV: IN_TIPO_ATEND_ESCOLARIZACAO
2025-08-20 13:55:19,228 WARNING: Coluna prevista no dicionário ausente no CSV: IN_TIPO_ATEND_AC
2025-08-20 13:55:19,229 WARNING: Coluna prevista no dicionário ausente no CSV: IN_TIPO_ATEND_AEE
2025-08-20 13:55:19,229 WARNING: Coluna prevista no dicionário ausente no CSV: IN_LOCAL_FUNC_SALAS_EMPRESA
2025-08-20 13:55:19,229 WARNING: Coluna prevista no dicionário ausente no CSV: IN_LOCAL_FUNC_TEMPLO_IGREJA
2025-08-20 13:55:19,229 WARNING: Coluna prevista no dicionário ausente no CSV: IN_LOCAL_FUNC_CASA_PROFESSOR
2025-08-20 13:55:19,229 WARNING: Coluna prevista no dicionário ausente no CSV: IN_AGUA_FILTRADA
2025-08-20 13:55:19,229 WARNING: Coluna prevista no dicionário ausente no CSV: IN_ENERGIA_GERADOR
2025-08-20 13:55:19,229 WARNING: Coluna prevista no dicionário ausente no CSV: IN_ENERGIA_OUTROS
2025-08-20 13:55:19,229 WARNING: Coluna prevista no dicionário ausente no CSV: IN_LIXO_JOGA_OUTRA_AREA
2025-08-20 13:55:19,229 WARNING: Coluna prevista no dicionário ausente no CSV: IN_LIXO_OUTROS
2025-08-20 13:55:19,229 WARNING: Coluna prevista no dicionário ausente no CSV: IN_LIXO_RECICLA
2025-08-20 13:55:19,229 WARNING: Coluna prevista no dicionário ausente no CSV: IN_BANHEIRO_FORA_PREDIO
2025-08-20 13:55:19,229 WARNING: Coluna prevista no dicionário ausente no CSV: IN_BANHEIRO_DENTRO_PREDIO
2025-08-20 13:55:19,229 WARNING: Coluna prevista no dicionário ausente no CSV: IN_BERCARIO
2025-08-20 13:55:19,229 WARNING: Coluna prevista no dicionário ausente no CSV: IN_DEPENDENCIAS_PNE
2025-08-20 13:55:19,229 WARNING: Coluna prevista no dicionário ausente no CSV: IN_LAVANDERIA
2025-08-20 13:55:19,229 WARNING: Coluna prevista no dicionário ausente no CSV: QT_SALAS_EXISTENTES
2025-08-20 13:55:19,229 WARNING: Coluna prevista no dicionário ausente no CSV: IN_EQUIP_VIDEOCASSETE
2025-08-20 13:55:19,229 WARNING: Coluna prevista no dicionário ausente no CSV: IN_EQUIP_RETROPROJETOR
2025-08-20 13:55:19,229 WARNING: Coluna prevista no dicionário ausente no CSV: IN_EQUIP_FAX
2025-08-20 13:55:19,229 WARNING: Coluna prevista no dicionário ausente no CSV: IN_EQUIP_FOTO
2025-08-20 13:55:19,229 WARNING: Coluna prevista no dicionário ausente no CSV: QT_EQUIP_VIDEOCASSETE
2025-08-20 13:55:19,229 WARNING: Coluna prevista no dicionário ausente no CSV: QT_EQUIP_PARABOLICA
2025-08-20 13:55:19,229 WARNING: Coluna prevista no dicionário ausente no CSV: QT_EQUIP_COPIADORA
2025-08-20 13:55:19,229 WARNING: Coluna prevista no dicionário ausente no CSV: QT_EQUIP_RETROPROJETOR
2025-08-20 13:55:19,229 WARNING: Coluna prevista no dicionário ausente no CSV: QT_EQUIP_IMPRESSORA
2025-08-20 13:55:19,229 WARNING: Coluna prevista no dicionário ausente no CSV: QT_EQUIP_IMPRESSORA_MULT
2025-08-20 13:55:19,229 WARNING: Coluna prevista no dicionário ausente no CSV: QT_EQUIP_FAX
2025-08-20 13:55:19,229 WARNING: Coluna prevista no dicionário ausente no CSV: QT_EQUIP_FOTO
2025-08-20 13:55:19,229 WARNING: Coluna prevista no dicionário ausente no CSV: QT_COMP_ALUNO
2025-08-20 13:55:19,229 WARNING: Coluna prevista no dicionário ausente no CSV: QT_COMPUTADOR
2025-08-20 13:55:19,229 WARNING: Coluna prevista no dicionário ausente no CSV: QT_COMP_ADMINISTRATIVO
2025-08-20 13:55:19,229 WARNING: Coluna prevista no dicionário ausente no CSV: QT_FUNCIONARIOS
2025-08-20 13:55:19,229 WARNING: Coluna prevista no dicionário ausente no CSV: IN_SERIE_ANO
2025-08-20 13:55:19,229 WARNING: Coluna prevista no dicionário ausente no CSV: IN_PERIODOS_SEMESTRAIS
2025-08-20 13:55:19,229 WARNING: Coluna prevista no dicionário ausente no CSV: IN_FUNDAMENTAL_CICLOS
2025-08-20 13:55:19,229 WARNING: Coluna prevista no dicionário ausente no CSV: IN_GRUPOS_NAO_SERIADOS
2025-08-20 13:55:19,229 WARNING: Coluna prevista no dicionário ausente no CSV: IN_MODULOS
2025-08-20 13:55:19,229 WARNING: Coluna prevista no dicionário ausente no CSV: IN_FORMACAO_ALTERNANCIA
2025-08-20 13:55:19,229 WARNING: Coluna prevista no dicionário ausente no CSV: IN_MATERIAL_ESP_QUILOMBOLA
2025-08-20 13:55:19,229 WARNING: Coluna prevista no dicionário ausente no CSV: IN_MATERIAL_ESP_INDIGENA
2025-08-20 13:55:19,229 WARNING: Coluna prevista no dicionário ausente no CSV: IN_MATERIAL_ESP_NAO_UTILIZA
2025-08-20 13:55:19,229 WARNING: Coluna prevista no dicionário ausente no CSV: IN_BRASIL_ALFABETIZADO
2025-08-20 13:55:19,229 WARNING: Coluna prevista no dicionário ausente no CSV: IN_FINAL_SEMANA
2025-08-20 13:55:19,229 WARNING: Coluna prevista no dicionário ausente no CSV: IN_BAS
2025-08-20 13:55:19,229 WARNING: Coluna prevista no dicionário ausente no CSV: QT_MAT_EJA_FUND_PJ
2025-08-20 13:55:19,229 WARNING: Coluna prevista no dicionário ausente no CSV: QT_MAT_EJA_FUND_AIAF
2025-08-20 13:55:19,242 ERROR: Erro na carga direta do CSV: Invalid Input Error: The quote option cannot exceed a size of 1 byte.
2025-08-20 13:55:19,285 INFO: Detectado encoding: ISO-8859-1
2025-08-20 13:58:15,486 INFO: Iniciando carga ETL Censo Escolar
2025-08-20 13:58:15,662 INFO: Encoding detectado para CSV: ISO-8859-1
2025-08-20 13:58:15,670 WARNING: Coluna prevista no dicionário ausente no CSV: nan
2025-08-20 13:58:15,670 WARNING: Coluna prevista no dicionário ausente no CSV: IN_CONVENIADA_PP
2025-08-20 13:58:15,670 WARNING: Coluna prevista no dicionário ausente no CSV: TP_CONVENIO_PODER_PUBLICO
2025-08-20 13:58:15,670 WARNING: Coluna prevista no dicionário ausente no CSV: IN_TIPO_ATEND_ESCOLARIZACAO
2025-08-20 13:58:15,670 WARNING: Coluna prevista no dicionário ausente no CSV: IN_TIPO_ATEND_AC
2025-08-20 13:58:15,670 WARNING: Coluna prevista no dicionário ausente no CSV: IN_TIPO_ATEND_AEE
2025-08-20 13:58:15,670 WARNING: Coluna prevista no dicionário ausente no CSV: IN_LOCAL_FUNC_SALAS_EMPRESA
2025-08-20 13:58:15,670 WARNING: Coluna prevista no dicionário ausente no CSV: IN_LOCAL_FUNC_TEMPLO_IGREJA
2025-08-20 13:58:15,670 WARNING: Coluna prevista no dicionário ausente no CSV: IN_LOCAL_FUNC_CASA_PROFESSOR
2025-08-20 13:58:15,670 WARNING: Coluna prevista no dicionário ausente no CSV: IN_AGUA_FILTRADA
2025-08-20 13:58:15,670 WARNING: Coluna prevista no dicionário ausente no CSV: IN_ENERGIA_GERADOR
2025-08-20 13:58:15,670 WARNING: Coluna prevista no dicionário ausente no CSV: IN_ENERGIA_OUTROS
2025-08-20 13:58:15,670 WARNING: Coluna prevista no dicionário ausente no CSV: IN_LIXO_JOGA_OUTRA_AREA
2025-08-20 13:58:15,670 WARNING: Coluna prevista no dicionário ausente no CSV: IN_LIXO_OUTROS
2025-08-20 13:58:15,670 WARNING: Coluna prevista no dicionário ausente no CSV: IN_LIXO_RECICLA
2025-08-20 13:58:15,670 WARNING: Coluna prevista no dicionário ausente no CSV: IN_BANHEIRO_FORA_PREDIO
2025-08-20 13:58:15,670 WARNING: Coluna prevista no dicionário ausente no CSV: IN_BANHEIRO_DENTRO_PREDIO
2025-08-20 13:58:15,670 WARNING: Coluna prevista no dicionário ausente no CSV: IN_BERCARIO
2025-08-20 13:58:15,670 WARNING: Coluna prevista no dicionário ausente no CSV: IN_DEPENDENCIAS_PNE
2025-08-20 13:58:15,670 WARNING: Coluna prevista no dicionário ausente no CSV: IN_LAVANDERIA
2025-08-20 13:58:15,670 WARNING: Coluna prevista no dicionário ausente no CSV: QT_SALAS_EXISTENTES
2025-08-20 13:58:15,670 WARNING: Coluna prevista no dicionário ausente no CSV: IN_EQUIP_VIDEOCASSETE
2025-08-20 13:58:15,670 WARNING: Coluna prevista no dicionário ausente no CSV: IN_EQUIP_RETROPROJETOR
2025-08-20 13:58:15,670 WARNING: Coluna prevista no dicionário ausente no CSV: IN_EQUIP_FAX
2025-08-20 13:58:15,670 WARNING: Coluna prevista no dicionário ausente no CSV: IN_EQUIP_FOTO
2025-08-20 13:58:15,670 WARNING: Coluna prevista no dicionário ausente no CSV: QT_EQUIP_VIDEOCASSETE
2025-08-20 13:58:15,670 WARNING: Coluna prevista no dicionário ausente no CSV: QT_EQUIP_PARABOLICA
2025-08-20 13:58:15,670 WARNING: Coluna prevista no dicionário ausente no CSV: QT_EQUIP_COPIADORA
2025-08-20 13:58:15,670 WARNING: Coluna prevista no dicionário ausente no CSV: QT_EQUIP_RETROPROJETOR
2025-08-20 13:58:15,670 WARNING: Coluna prevista no dicionário ausente no CSV: QT_EQUIP_IMPRESSORA
2025-08-20 13:58:15,670 WARNING: Coluna prevista no dicionário ausente no CSV: QT_EQUIP_IMPRESSORA_MULT
2025-08-20 13:58:15,670 WARNING: Coluna prevista no dicionário ausente no CSV: QT_EQUIP_FAX
2025-08-20 13:58:15,670 WARNING: Coluna prevista no dicionário ausente no CSV: QT_EQUIP_FOTO
2025-08-20 13:58:15,670 WARNING: Coluna prevista no dicionário ausente no CSV: QT_COMP_ALUNO
2025-08-20 13:58:15,670 WARNING: Coluna prevista no dicionário ausente no CSV: QT_COMPUTADOR
2025-08-20 13:58:15,670 WARNING: Coluna prevista no dicionário ausente no CSV: QT_COMP_ADMINISTRATIVO
2025-08-20 13:58:15,670 WARNING: Coluna prevista no dicionário ausente no CSV: QT_FUNCIONARIOS
2025-08-20 13:58:15,670 WARNING: Coluna prevista no dicionário ausente no CSV: IN_SERIE_ANO
2025-08-20 13:58:15,670 WARNING: Coluna prevista no dicionário ausente no CSV: IN_PERIODOS_SEMESTRAIS
2025-08-20 13:58:15,670 WARNING: Coluna prevista no dicionário ausente no CSV: IN_FUNDAMENTAL_CICLOS
2025-08-20 13:58:15,670 WARNING: Coluna prevista no dicionário ausente no CSV: IN_GRUPOS_NAO_SERIADOS
2025-08-20 13:58:15,670 WARNING: Coluna prevista no dicionário ausente no CSV: IN_MODULOS
2025-08-20 13:58:15,670 WARNING: Coluna prevista no dicionário ausente no CSV: IN_FORMACAO_ALTERNANCIA
2025-08-20 13:58:15,670 WARNING: Coluna prevista no dicionário ausente no CSV: IN_MATERIAL_ESP_QUILOMBOLA
2025-08-20 13:58:15,670 WARNING: Coluna prevista no dicionário ausente no CSV: IN_MATERIAL_ESP_INDIGENA
2025-08-20 13:58:15,670 WARNING: Coluna prevista no dicionário ausente no CSV: IN_MATERIAL_ESP_NAO_UTILIZA
2025-08-20 13:58:15,670 WARNING: Coluna prevista no dicionário ausente no CSV: IN_BRASIL_ALFABETIZADO
2025-08-20 13:58:15,670 WARNING: Coluna prevista no dicionário ausente no CSV: IN_FINAL_SEMANA
2025-08-20 13:58:15,670 WARNING: Coluna prevista no dicionário ausente no CSV: IN_BAS
2025-08-20 13:58:15,670 WARNING: Coluna prevista no dicionário ausente no CSV: QT_MAT_EJA_FUND_PJ
2025-08-20 13:58:15,670 WARNING: Coluna prevista no dicionário ausente no CSV: QT_MAT_EJA_FUND_AIAF
2025-08-20 13:58:15,684 ERROR: Erro na carga direta do CSV: Invalid Input Error: The quote option cannot exceed a size of 1 byte.
2025-08-20 13:58:15,727 INFO: Detectado encoding: ISO-8859-1
2025-08-20 13:59:03,275 INFO: Iniciando carga ETL Censo Escolar
2025-08-20 13:59:03,454 INFO: Encoding detectado para CSV: ISO-8859-1
2025-08-20 13:59:03,462 WARNING: Coluna prevista no dicionário ausente no CSV: nan
2025-08-20 13:59:03,462 WARNING: Coluna prevista no dicionário ausente no CSV: IN_CONVENIADA_PP
2025-08-20 13:59:03,462 WARNING: Coluna prevista no dicionário ausente no CSV: TP_CONVENIO_PODER_PUBLICO
2025-08-20 13:59:03,462 WARNING: Coluna prevista no dicionário ausente no CSV: IN_TIPO_ATEND_ESCOLARIZACAO
2025-08-20 13:59:03,462 WARNING: Coluna prevista no dicionário ausente no CSV: IN_TIPO_ATEND_AC
2025-08-20 13:59:03,462 WARNING: Coluna prevista no dicionário ausente no CSV: IN_TIPO_ATEND_AEE
2025-08-20 13:59:03,462 WARNING: Coluna prevista no dicionário ausente no CSV: IN_LOCAL_FUNC_SALAS_EMPRESA
2025-08-20 13:59:03,462 WARNING: Coluna prevista no dicionário ausente no CSV: IN_LOCAL_FUNC_TEMPLO_IGREJA
2025-08-20 13:59:03,462 WARNING: Coluna prevista no dicionário ausente no CSV: IN_LOCAL_FUNC_CASA_PROFESSOR
2025-08-20 13:59:03,462 WARNING: Coluna prevista no dicionário ausente no CSV: IN_AGUA_FILTRADA
2025-08-20 13:59:03,462 WARNING: Coluna prevista no dicionário ausente no CSV: IN_ENERGIA_GERADOR
2025-08-20 13:59:03,462 WARNING: Coluna prevista no dicionário ausente no CSV: IN_ENERGIA_OUTROS
2025-08-20 13:59:03,462 WARNING: Coluna prevista no dicionário ausente no CSV: IN_LIXO_JOGA_OUTRA_AREA
2025-08-20 13:59:03,462 WARNING: Coluna prevista no dicionário ausente no CSV: IN_LIXO_OUTROS
2025-08-20 13:59:03,462 WARNING: Coluna prevista no dicionário ausente no CSV: IN_LIXO_RECICLA
2025-08-20 13:59:03,462 WARNING: Coluna prevista no dicionário ausente no CSV: IN_BANHEIRO_FORA_PREDIO
2025-08-20 13:59:03,462 WARNING: Coluna prevista no dicionário ausente no CSV: IN_BANHEIRO_DENTRO_PREDIO
2025-08-20 13:59:03,462 WARNING: Coluna prevista no dicionário ausente no CSV: IN_BERCARIO
2025-08-20 13:59:03,462 WARNING: Coluna prevista no dicionário ausente no CSV: IN_DEPENDENCIAS_PNE
2025-08-20 13:59:03,462 WARNING: Coluna prevista no dicionário ausente no CSV: IN_LAVANDERIA
2025-08-20 13:59:03,462 WARNING: Coluna prevista no dicionário ausente no CSV: QT_SALAS_EXISTENTES
2025-08-20 13:59:03,462 WARNING: Coluna prevista no dicionário ausente no CSV: IN_EQUIP_VIDEOCASSETE
2025-08-20 13:59:03,462 WARNING: Coluna prevista no dicionário ausente no CSV: IN_EQUIP_RETROPROJETOR
2025-08-20 13:59:03,462 WARNING: Coluna prevista no dicionário ausente no CSV: IN_EQUIP_FAX
2025-08-20 13:59:03,462 WARNING: Coluna prevista no dicionário ausente no CSV: IN_EQUIP_FOTO
2025-08-20 13:59:03,462 WARNING: Coluna prevista no dicionário ausente no CSV: QT_EQUIP_VIDEOCASSETE
2025-08-20 13:59:03,463 WARNING: Coluna prevista no dicionário ausente no CSV: QT_EQUIP_PARABOLICA
2025-08-20 13:59:03,463 WARNING: Coluna prevista no dicionário ausente no CSV: QT_EQUIP_COPIADORA
2025-08-20 13:59:03,463 WARNING: Coluna prevista no dicionário ausente no CSV: QT_EQUIP_RETROPROJETOR
2025-08-20 13:59:03,463 WARNING: Coluna prevista no dicionário ausente no CSV: QT_EQUIP_IMPRESSORA
2025-08-20 13:59:03,463 WARNING: Coluna prevista no dicionário ausente no CSV: QT_EQUIP_IMPRESSORA_MULT
2025-08-20 13:59:03,463 WARNING: Coluna prevista no dicionário ausente no CSV: QT_EQUIP_FAX
2025-08-20 13:59:03,463 WARNING: Coluna prevista no dicionário ausente no CSV: QT_EQUIP_FOTO
2025-08-20 13:59:03,463 WARNING: Coluna prevista no dicionário ausente no CSV: QT_COMP_ALUNO
2025-08-20 13:59:03,463 WARNING: Coluna prevista no dicionário ausente no CSV: QT_COMPUTADOR
2025-08-20 13:59:03,463 WARNING: Coluna prevista no dicionário ausente no CSV: QT_COMP_ADMINISTRATIVO
2025-08-20 13:59:03,463 WARNING: Coluna prevista no dicionário ausente no CSV: QT_FUNCIONARIOS
2025-08-20 13:59:03,463 WARNING: Coluna prevista no dicionário ausente no CSV: IN_SERIE_ANO
2025-08-20 13:59:03,463 WARNING: Coluna prevista no dicionário ausente no CSV: IN_PERIODOS_SEMESTRAIS
2025-08-20 13:59:03,463 WARNING: Coluna prevista no dicionário ausente no CSV: IN_FUNDAMENTAL_CICLOS
2025-08-20 13:59:03,463 WARNING: Coluna prevista no dicionário ausente no CSV: IN_GRUPOS_NAO_SERIADOS
2025-08-20 13:59:03,463 WARNING: Coluna prevista no dicionário ausente no CSV: IN_MODULOS
2025-08-20 13:59:03,463 WARNING: Coluna prevista no dicionário ausente no CSV: IN_FORMACAO_ALTERNANCIA
2025-08-20 13:59:03,463 WARNING: Coluna prevista no dicionário ausente no CSV: IN_MATERIAL_ESP_QUILOMBOLA
2025-08-20 13:59:03,463 WARNING: Coluna prevista no dicionário ausente no CSV: IN_MATERIAL_ESP_INDIGENA
2025-08-20 13:59:03,463 WARNING: Coluna prevista no dicionário ausente no CSV: IN_MATERIAL_ESP_NAO_UTILIZA
2025-08-20 13:59:03,463 WARNING: Coluna prevista no dicionário ausente no CSV: IN_BRASIL_ALFABETIZADO
2025-08-20 13:59:03,463 WARNING: Coluna prevista no dicionário ausente no CSV: IN_FINAL_SEMANA
2025-08-20 13:59:03,463 WARNING: Coluna prevista no dicionário ausente no CSV: IN_BAS
2025-08-20 13:59:03,463 WARNING: Coluna prevista no dicionário ausente no CSV: QT_MAT_EJA_FUND_PJ
2025-08-20 13:59:03,463 WARNING: Coluna prevista no dicionário ausente no CSV: QT_MAT_EJA_FUND_AIAF
2025-08-20 13:59:03,531 ERROR: Erro na carga direta do CSV: Parser Error: zero-length delimited identifier at or near """"
2025-08-20 13:59:03,574 INFO: Detectado encoding: ISO-8859-1
